<?xml version="1.0" encoding="UTF-8"?>
<testng-results skipped="0" failed="0" total="3" passed="3">
  <reporter-output>
  </reporter-output>
  <suite name="Default suite" duration-ms="28686" started-at="2016-08-04T10:23:35Z" finished-at="2016-08-04T10:24:03Z">
    <groups>
    </groups>
    <test name="Default test" duration-ms="28686" started-at="2016-08-04T10:23:35Z" finished-at="2016-08-04T10:24:03Z">
      <class name="com.edu.dotest.Testselenium">
        <test-method status="PASS" signature="setUp()[pri:0, instance:com.edu.dotest.Testselenium@1e643faf]" name="setUp" is-config="true" duration-ms="6122" started-at="2016-08-04T18:23:35Z" finished-at="2016-08-04T18:23:41Z">
          <reporter-output>
          </reporter-output>
        </test-method> <!-- setUp -->
        <test-method status="PASS" signature="test1(java.lang.String, java.lang.String, java.lang.String, java.lang.String)[pri:0, instance:com.edu.dotest.Testselenium@1e643faf]" name="test1" duration-ms="8283" started-at="2016-08-04T18:23:48Z" data-provider="userLogin" finished-at="2016-08-04T18:23:56Z">
          <params>
            <param index="0">
              <value>
                <![CDATA[13000000001]]>
              </value>
            </param>
            <param index="1">
              <value>
                <![CDATA[123456]]>
              </value>
            </param>
            <param index="2">
              <value>
                <![CDATA[t]]>
              </value>
            </param>
            <param index="3">
              <value>
                <![CDATA[退出]]>
              </value>
            </param>
          </params>
          <reporter-output>
          </reporter-output>
        </test-method> <!-- test1 -->
        <test-method status="PASS" signature="test1(java.lang.String, java.lang.String, java.lang.String, java.lang.String)[pri:0, instance:com.edu.dotest.Testselenium@1e643faf]" name="test1" duration-ms="2902" started-at="2016-08-04T18:23:56Z" data-provider="userLogin" finished-at="2016-08-04T18:23:59Z">
          <params>
            <param index="0">
              <value>
                <![CDATA[13426370076]]>
              </value>
            </param>
            <param index="1">
              <value>
                <![CDATA[123456]]>
              </value>
            </param>
            <param index="2">
              <value>
                <![CDATA[t]]>
              </value>
            </param>
            <param index="3">
              <value>
                <![CDATA[退出]]>
              </value>
            </param>
          </params>
          <reporter-output>
          </reporter-output>
        </test-method> <!-- test1 -->
        <test-method status="PASS" signature="test1(java.lang.String, java.lang.String, java.lang.String, java.lang.String)[pri:0, instance:com.edu.dotest.Testselenium@1e643faf]" name="test1" duration-ms="2347" started-at="2016-08-04T18:23:59Z" data-provider="userLogin" finished-at="2016-08-04T18:24:02Z">
          <params>
            <param index="0">
              <value>
                <![CDATA[1200000004]]>
              </value>
            </param>
            <param index="1">
              <value>
                <![CDATA[123456]]>
              </value>
            </param>
            <param index="2">
              <value>
                <![CDATA[t]]>
              </value>
            </param>
            <param index="3">
              <value>
                <![CDATA[退出]]>
              </value>
            </param>
          </params>
          <reporter-output>
          </reporter-output>
        </test-method> <!-- test1 -->
        <test-method status="PASS" signature="tearDown()[pri:0, instance:com.edu.dotest.Testselenium@1e643faf]" name="tearDown" is-config="true" duration-ms="1470" started-at="2016-08-04T18:24:02Z" finished-at="2016-08-04T18:24:03Z">
          <reporter-output>
          </reporter-output>
        </test-method> <!-- tearDown -->
      </class> <!-- com.edu.dotest.Testselenium -->
    </test> <!-- Default test -->
  </suite> <!-- Default suite -->
</testng-results>
